<?xml version="1.0" encoding="UTF-8"?>
<!-- Generated by org.testng.reporters.JUnitReportReporter -->
<testsuite hostname="aumni-Precision-3590" failures="0" tests="1" name="com.example.tests.YourTests" time="0.002" errors="0" timestamp="2025-05-23T12:04:08 IST" skipped="0">
  <testcase classname="com.example.tests.YourTests" name="smokeTest" time="0.002"/>
  <system-out/>
</testsuite> <!-- com.example.tests.YourTests -->
